0it [00:00, ?it/s]
572it [00:00, 5713.74it/s]
1327it [00:00, 6162.12it/s]
2094it [00:00, 6547.28it/s]
2842it [00:00, 6046.94it/s]
3592it [00:00, 6417.40it/s]
4361it [00:00, 6750.50it/s]
5116it [00:00, 6970.09it/s]
5928it [00:00, 7277.37it/s]
6637it [00:00, 6231.48it/s]
7402it [00:01, 6596.39it/s]
8223it [00:01, 7006.49it/s]
8544it [00:01, 7003.17it/s]

0it [00:00, ?it/s]
744it [00:00, 7439.62it/s]
991it [00:00, 4487.47it/s]
1101it [00:00, 4988.91it/s]

0it [00:00, ?it/s]
8719it [00:00, 87187.59it/s]
9645it [00:00, 88180.74it/s]

  0%|          | 0/267 [00:00<?, ?it/s]
accuracy: 0.2812, precision: 0.0000, recall: 0.0000, f1_measure: 0.0000, loss: 1.5990 ||:   0%|          | 1/267 [00:00<01:45,  2.53it/s]
accuracy: 0.2344, precision: 0.0000, recall: 0.0000, f1_measure: 0.0000, loss: 1.5981 ||:   1%|1         | 4/267 [00:00<01:16,  3.45it/s]
accuracy: 0.2679, precision: 0.0000, recall: 0.0000, f1_measure: 0.0000, loss: 1.5916 ||:   3%|2         | 7/267 [00:00<00:56,  4.64it/s]
accuracy: 0.2727, precision: 0.0000, recall: 0.0000, f1_measure: 0.0000, loss: 1.5882 ||:   4%|4         | 11/267 [00:00<00:41,  6.22it/s]
accuracy: 0.2625, precision: 0.0000, recall: 0.0000, f1_measure: 0.0000, loss: 1.5875 ||:   6%|5         | 15/267 [00:00<00:30,  8.32it/s]
accuracy: 0.2622, precision: 0.0000, recall: 0.0000, f1_measure: 0.0000, loss: 1.5884 ||:   7%|6         | 18/267 [00:00<00:23, 10.56it/s]
accuracy: 0.2604, precision: 0.0000, recall: 0.0000, f1_measure: 0.0000, loss: 1.5843 ||:   8%|7         | 21/267 [00:01<00:18, 13.07it/s]
accuracy: 0.2612, precision: 0.0000, recall: 0.0000, f1_measure: 0.0000, loss: 1.5800 ||:   9%|9         | 25/267 [00:01<00:14, 16.31it/s]
accuracy: 0.2573, precision: 0.0000, recall: 0.0000, f1_measure: 0.0000, loss: 1.5779 ||:  11%|#1        | 30/267 [00:01<00:12, 19.73it/s]
accuracy: 0.2601, precision: 0.0000, recall: 0.0000, f1_measure: 0.0000, loss: 1.5776 ||:  13%|#2        | 34/267 [00:01<00:11, 20.89it/s]
accuracy: 0.2574, precision: 0.0000, recall: 0.0000, f1_measure: 0.0000, loss: 1.5800 ||:  14%|#4        | 38/267 [00:01<00:09, 23.11it/s]
accuracy: 0.2582, precision: 0.0000, recall: 0.0000, f1_measure: 0.0000, loss: 1.5787 ||:  16%|#5        | 42/267 [00:01<00:08, 26.04it/s]
accuracy: 0.2554, precision: 0.0000, recall: 0.0000, f1_measure: 0.0000, loss: 1.5802 ||:  17%|#7        | 46/267 [00:01<00:07, 27.68it/s]
accuracy: 0.2581, precision: 0.0000, recall: 0.0000, f1_measure: 0.0000, loss: 1.5800 ||:  19%|#8        | 50/267 [00:02<00:07, 27.75it/s]
accuracy: 0.2598, precision: 0.0000, recall: 0.0000, f1_measure: 0.0000, loss: 1.5803 ||:  20%|##        | 54/267 [00:02<00:07, 29.16it/s]
accuracy: 0.2586, precision: 0.0000, recall: 0.0000, f1_measure: 0.0000, loss: 1.5800 ||:  22%|##1       | 58/267 [00:02<00:06, 31.25it/s]
accuracy: 0.2596, precision: 0.0000, recall: 0.0000, f1_measure: 0.0000, loss: 1.5804 ||:  23%|##3       | 62/267 [00:02<00:06, 32.25it/s]
accuracy: 0.2623, precision: 0.0000, recall: 0.0000, f1_measure: 0.0000, loss: 1.5789 ||:  25%|##4       | 66/267 [00:02<00:06, 31.50it/s]
accuracy: 0.2603, precision: 0.0000, recall: 0.0000, f1_measure: 0.0000, loss: 1.5785 ||:  26%|##6       | 70/267 [00:02<00:06, 32.29it/s]
accuracy: 0.2546, precision: 0.0000, recall: 0.0000, f1_measure: 0.0000, loss: 1.5794 ||:  28%|##7       | 74/267 [00:02<00:06, 31.59it/s]
accuracy: 0.2548, precision: 0.0000, recall: 0.0000, f1_measure: 0.0000, loss: 1.5787 ||:  29%|##9       | 78/267 [00:02<00:05, 31.68it/s]
accuracy: 0.2546, precision: 0.0000, recall: 0.0000, f1_measure: 0.0000, loss: 1.5784 ||:  31%|###       | 82/267 [00:02<00:05, 31.47it/s]
accuracy: 0.2565, precision: 0.0000, recall: 0.0000, f1_measure: 0.0000, loss: 1.5773 ||:  32%|###2      | 86/267 [00:03<00:05, 32.56it/s]
accuracy: 0.2562, precision: 0.0000, recall: 0.0000, f1_measure: 0.0000, loss: 1.5762 ||:  34%|###3      | 90/267 [00:03<00:05, 32.35it/s]
accuracy: 0.2610, precision: 0.0000, recall: 0.0000, f1_measure: 0.0000, loss: 1.5735 ||:  35%|###5      | 94/267 [00:03<00:05, 31.79it/s]
accuracy: 0.2618, precision: 0.0000, recall: 0.0000, f1_measure: 0.0000, loss: 1.5736 ||:  37%|###6      | 98/267 [00:03<00:05, 32.25it/s]
accuracy: 0.2629, precision: 0.0000, recall: 0.0000, f1_measure: 0.0000, loss: 1.5742 ||:  38%|###8      | 102/267 [00:03<00:05, 30.16it/s]
accuracy: 0.2644, precision: 0.0000, recall: 0.0000, f1_measure: 0.0000, loss: 1.5739 ||:  40%|###9      | 106/267 [00:03<00:05, 30.27it/s]
accuracy: 0.2639, precision: 0.0000, recall: 0.0000, f1_measure: 0.0000, loss: 1.5751 ||:  41%|####1     | 110/267 [00:03<00:04, 31.71it/s]
accuracy: 0.2640, precision: 0.0000, recall: 0.0000, f1_measure: 0.0000, loss: 1.5745 ||:  43%|####2     | 114/267 [00:03<00:04, 31.67it/s]
accuracy: 0.2635, precision: 0.0000, recall: 0.0000, f1_measure: 0.0000, loss: 1.5743 ||:  44%|####4     | 118/267 [00:04<00:04, 33.52it/s]
accuracy: 0.2646, precision: 0.0000, recall: 0.0000, f1_measure: 0.0000, loss: 1.5744 ||:  46%|####5     | 122/267 [00:04<00:04, 30.44it/s]
accuracy: 0.2641, precision: 0.0000, recall: 0.0000, f1_measure: 0.0000, loss: 1.5739 ||:  47%|####7     | 126/267 [00:04<00:04, 32.58it/s]
accuracy: 0.2627, precision: 0.0000, recall: 0.0000, f1_measure: 0.0000, loss: 1.5747 ||:  49%|####8     | 130/267 [00:04<00:04, 34.06it/s]
accuracy: 0.2631, precision: 0.0000, recall: 0.0000, f1_measure: 0.0000, loss: 1.5748 ||:  50%|#####     | 134/267 [00:04<00:04, 32.55it/s]
accuracy: 0.2659, precision: 0.0000, recall: 0.0000, f1_measure: 0.0000, loss: 1.5735 ||:  52%|#####1    | 138/267 [00:04<00:04, 32.00it/s]
accuracy: 0.2652, precision: 0.0000, recall: 0.0000, f1_measure: 0.0000, loss: 1.5743 ||:  53%|#####3    | 142/267 [00:04<00:03, 32.66it/s]
accuracy: 0.2650, precision: 0.0000, recall: 0.0000, f1_measure: 0.0000, loss: 1.5731 ||:  55%|#####4    | 146/267 [00:04<00:03, 31.35it/s]
accuracy: 0.2673, precision: 0.0000, recall: 0.0000, f1_measure: 0.0000, loss: 1.5727 ||:  56%|#####6    | 150/267 [00:05<00:04, 28.81it/s]
accuracy: 0.2681, precision: 0.0000, recall: 0.0000, f1_measure: 0.0000, loss: 1.5722 ||:  58%|#####7    | 154/267 [00:05<00:03, 30.81it/s]
accuracy: 0.2686, precision: 0.0000, recall: 0.0000, f1_measure: 0.0000, loss: 1.5724 ||:  59%|#####9    | 158/267 [00:05<00:03, 32.30it/s]
accuracy: 0.2676, precision: 0.0000, recall: 0.0000, f1_measure: 0.0000, loss: 1.5736 ||:  61%|######    | 162/267 [00:05<00:03, 33.44it/s]
accuracy: 0.2679, precision: 0.0000, recall: 0.0000, f1_measure: 0.0000, loss: 1.5737 ||:  62%|######2   | 166/267 [00:05<00:02, 35.15it/s]
accuracy: 0.2689, precision: 0.0000, recall: 0.0000, f1_measure: 0.0000, loss: 1.5725 ||:  64%|######3   | 170/267 [00:05<00:02, 34.49it/s]
accuracy: 0.2691, precision: 0.0000, recall: 0.0000, f1_measure: 0.0000, loss: 1.5723 ||:  66%|######5   | 175/267 [00:05<00:02, 36.07it/s]
accuracy: 0.2685, precision: 0.0000, recall: 0.0000, f1_measure: 0.0000, loss: 1.5719 ||:  67%|######7   | 179/267 [00:05<00:02, 34.13it/s]
accuracy: 0.2695, precision: 0.0000, recall: 0.0000, f1_measure: 0.0000, loss: 1.5721 ||:  69%|######8   | 183/267 [00:06<00:02, 33.10it/s]
accuracy: 0.2685, precision: 0.0000, recall: 0.0000, f1_measure: 0.0000, loss: 1.5721 ||:  70%|#######   | 187/267 [00:06<00:02, 34.84it/s]
accuracy: 0.2696, precision: 0.0000, recall: 0.0000, f1_measure: 0.0000, loss: 1.5710 ||:  72%|#######1  | 191/267 [00:06<00:02, 33.91it/s]
accuracy: 0.2707, precision: 0.0000, recall: 0.0000, f1_measure: 0.0000, loss: 1.5703 ||:  73%|#######3  | 196/267 [00:06<00:02, 35.32it/s]
accuracy: 0.2706, precision: 0.0000, recall: 0.0000, f1_measure: 0.0000, loss: 1.5696 ||:  75%|#######4  | 200/267 [00:06<00:01, 35.42it/s]
accuracy: 0.2713, precision: 0.0000, recall: 0.0000, f1_measure: 0.0000, loss: 1.5683 ||:  76%|#######6  | 204/267 [00:06<00:01, 34.75it/s]
accuracy: 0.2724, precision: 0.0000, recall: 0.0000, f1_measure: 0.0000, loss: 1.5673 ||:  78%|#######7  | 208/267 [00:06<00:01, 33.38it/s]
accuracy: 0.2739, precision: 0.0000, recall: 0.0000, f1_measure: 0.0000, loss: 1.5662 ||:  79%|#######9  | 212/267 [00:06<00:01, 32.45it/s]
accuracy: 0.2738, precision: 0.0000, recall: 0.0000, f1_measure: 0.0000, loss: 1.5656 ||:  81%|########1 | 217/267 [00:07<00:01, 34.88it/s]
accuracy: 0.2763, precision: 0.0000, recall: 0.0000, f1_measure: 0.0000, loss: 1.5631 ||:  83%|########3 | 222/267 [00:07<00:01, 37.35it/s]
accuracy: 0.2781, precision: 0.0000, recall: 0.0000, f1_measure: 0.0000, loss: 1.5608 ||:  85%|########4 | 226/267 [00:07<00:01, 37.02it/s]
accuracy: 0.2808, precision: 0.0000, recall: 0.0000, f1_measure: 0.0000, loss: 1.5573 ||:  86%|########6 | 230/267 [00:07<00:00, 37.15it/s]
accuracy: 0.2816, precision: 0.0000, recall: 0.0000, f1_measure: 0.0000, loss: 1.5556 ||:  88%|########8 | 235/267 [00:07<00:00, 39.02it/s]
accuracy: 0.2841, precision: 0.0000, recall: 0.0000, f1_measure: 0.0000, loss: 1.5542 ||:  90%|########9 | 239/267 [00:07<00:00, 37.91it/s]
accuracy: 0.2843, precision: 0.0000, recall: 0.0000, f1_measure: 0.0000, loss: 1.5537 ||:  91%|#########1| 243/267 [00:07<00:00, 38.26it/s]
accuracy: 0.2852, precision: 0.0000, recall: 0.0000, f1_measure: 0.0000, loss: 1.5535 ||:  93%|#########2| 247/267 [00:07<00:00, 36.66it/s]
accuracy: 0.2861, precision: 0.0000, recall: 0.0000, f1_measure: 0.0000, loss: 1.5521 ||:  94%|#########4| 251/267 [00:07<00:00, 35.11it/s]
accuracy: 0.2864, precision: 0.0000, recall: 0.0000, f1_measure: 0.0000, loss: 1.5511 ||:  96%|#########5| 255/267 [00:08<00:00, 35.38it/s]
accuracy: 0.2880, precision: 0.0000, recall: 0.0000, f1_measure: 0.0000, loss: 1.5492 ||:  97%|#########7| 259/267 [00:08<00:00, 36.49it/s]
accuracy: 0.2899, precision: 0.0000, recall: 0.0000, f1_measure: 0.0000, loss: 1.5468 ||:  99%|#########8| 263/267 [00:08<00:00, 34.74it/s]
accuracy: 0.2911, precision: 0.0000, recall: 0.0000, f1_measure: 0.0000, loss: 1.5456 ||: 100%|##########| 267/267 [00:08<00:00, 33.46it/s]

  0%|          | 0/35 [00:00<?, ?it/s]
accuracy: 0.3672, precision: 0.0000, recall: 0.0000, f1_measure: 0.0000, loss: 1.4085 ||:  46%|####5     | 16/35 [00:00<00:00, 154.84it/s]
accuracy: 0.3760, precision: 0.0000, recall: 0.0000, f1_measure: 0.0000, loss: 1.4294 ||:  91%|#########1| 32/35 [00:00<00:00, 154.32it/s]
accuracy: 0.3706, precision: 0.0000, recall: 0.0000, f1_measure: 0.0000, loss: 1.4370 ||: 100%|##########| 35/35 [00:00<00:00, 151.14it/s]

  0%|          | 0/267 [00:00<?, ?it/s]
accuracy: 0.4062, precision: 0.0000, recall: 0.0000, f1_measure: 0.0000, loss: 1.3915 ||:   0%|          | 1/267 [00:00<00:49,  5.37it/s]
accuracy: 0.4531, precision: 0.0000, recall: 0.0000, f1_measure: 0.0000, loss: 1.3751 ||:   1%|1         | 4/267 [00:00<00:37,  7.09it/s]
accuracy: 0.4648, precision: 0.0000, recall: 0.0000, f1_measure: 0.0000, loss: 1.3262 ||:   3%|2         | 8/267 [00:00<00:27,  9.26it/s]
accuracy: 0.4688, precision: 0.0000, recall: 0.0000, f1_measure: 0.0000, loss: 1.3151 ||:   4%|4         | 11/267 [00:00<00:22, 11.61it/s]
accuracy: 0.4604, precision: 0.0000, recall: 0.0000, f1_measure: 0.0000, loss: 1.3153 ||:   6%|5         | 15/267 [00:00<00:17, 14.36it/s]
accuracy: 0.4391, precision: 0.0000, recall: 0.0000, f1_measure: 0.0000, loss: 1.3361 ||:   7%|7         | 19/267 [00:00<00:14, 17.05it/s]
accuracy: 0.4171, precision: 0.0000, recall: 0.0000, f1_measure: 0.0000, loss: 1.3498 ||:   9%|8         | 23/267 [00:00<00:11, 20.45it/s]
accuracy: 0.4213, precision: 0.0000, recall: 0.0000, f1_measure: 0.0000, loss: 1.3395 ||:  10%|#         | 27/267 [00:01<00:10, 22.55it/s]
accuracy: 0.4229, precision: 0.0000, recall: 0.0000, f1_measure: 0.0000, loss: 1.3452 ||:  11%|#1        | 30/267 [00:01<00:09, 23.86it/s]
accuracy: 0.4237, precision: 0.0000, recall: 0.0000, f1_measure: 0.0000, loss: 1.3443 ||:  13%|#2        | 34/267 [00:01<00:09, 25.71it/s]
accuracy: 0.4252, precision: 0.0000, recall: 0.0000, f1_measure: 0.0000, loss: 1.3327 ||:  14%|#4        | 38/267 [00:01<00:08, 28.50it/s]
accuracy: 0.4301, precision: 0.0000, recall: 0.0000, f1_measure: 0.0000, loss: 1.3220 ||:  16%|#5        | 42/267 [00:01<00:07, 30.46it/s]
accuracy: 0.4280, precision: 0.0000, recall: 0.0000, f1_measure: 0.0000, loss: 1.3180 ||:  17%|#7        | 46/267 [00:01<00:06, 32.25it/s]
accuracy: 0.4244, precision: 0.0000, recall: 0.0000, f1_measure: 0.0000, loss: 1.3152 ||:  19%|#8        | 50/267 [00:01<00:06, 31.86it/s]
accuracy: 0.4201, precision: 1.0000, recall: 0.0046, f1_measure: 0.0091, loss: 1.3159 ||:  20%|##        | 54/267 [00:01<00:06, 32.24it/s]
accuracy: 0.4186, precision: 0.7500, recall: 0.0132, f1_measure: 0.0259, loss: 1.3139 ||:  22%|##1       | 58/267 [00:01<00:06, 34.07it/s]
accuracy: 0.4183, precision: 0.6667, recall: 0.0321, f1_measure: 0.0613, loss: 1.3119 ||:  23%|##3       | 62/267 [00:02<00:06, 33.29it/s]
accuracy: 0.4200, precision: 0.6471, recall: 0.0420, f1_measure: 0.0789, loss: 1.3109 ||:  25%|##4       | 66/267 [00:02<00:05, 33.89it/s]
accuracy: 0.4201, precision: 0.5862, recall: 0.0588, f1_measure: 0.1069, loss: 1.3137 ||:  26%|##6       | 70/267 [00:02<00:06, 32.63it/s]
accuracy: 0.4227, precision: 0.5000, recall: 0.0912, f1_measure: 0.1543, loss: 1.3148 ||:  28%|##7       | 74/267 [00:02<00:05, 34.43it/s]
accuracy: 0.4203, precision: 0.4054, recall: 0.0946, f1_measure: 0.1535, loss: 1.3161 ||:  29%|##9       | 78/267 [00:02<00:05, 32.64it/s]
accuracy: 0.4234, precision: 0.4156, recall: 0.0964, f1_measure: 0.1565, loss: 1.3136 ||:  31%|###       | 82/267 [00:02<00:05, 32.62it/s]
accuracy: 0.4255, precision: 0.4390, recall: 0.1034, f1_measure: 0.1674, loss: 1.3115 ||:  32%|###2      | 86/267 [00:02<00:05, 33.19it/s]
accuracy: 0.4278, precision: 0.4405, recall: 0.1014, f1_measure: 0.1648, loss: 1.3034 ||:  34%|###3      | 90/267 [00:02<00:05, 34.46it/s]
accuracy: 0.4319, precision: 0.4368, recall: 0.0997, f1_measure: 0.1624, loss: 1.2990 ||:  36%|###5      | 95/267 [00:03<00:04, 36.36it/s]
accuracy: 0.4347, precision: 0.4382, recall: 0.0968, f1_measure: 0.1585, loss: 1.2932 ||:  37%|###7      | 100/267 [00:03<00:04, 38.29it/s]
accuracy: 0.4342, precision: 0.4396, recall: 0.0955, f1_measure: 0.1569, loss: 1.2929 ||:  39%|###8      | 104/267 [00:03<00:04, 36.72it/s]
accuracy: 0.4358, precision: 0.4227, recall: 0.0923, f1_measure: 0.1516, loss: 1.2900 ||:  41%|####      | 109/267 [00:03<00:04, 37.96it/s]
accuracy: 0.4394, precision: 0.4455, recall: 0.1056, f1_measure: 0.1707, loss: 1.2859 ||:  42%|####2     | 113/267 [00:03<00:04, 36.64it/s]
accuracy: 0.4418, precision: 0.4419, recall: 0.1190, f1_measure: 0.1875, loss: 1.2824 ||:  44%|####3     | 117/267 [00:03<00:04, 35.82it/s]
accuracy: 0.4429, precision: 0.4286, recall: 0.1224, f1_measure: 0.1905, loss: 1.2823 ||:  45%|####5     | 121/267 [00:03<00:04, 33.00it/s]
accuracy: 0.4447, precision: 0.4218, recall: 0.1216, f1_measure: 0.1887, loss: 1.2785 ||:  47%|####6     | 125/267 [00:03<00:04, 33.06it/s]
accuracy: 0.4438, precision: 0.4140, recall: 0.1238, f1_measure: 0.1906, loss: 1.2792 ||:  48%|####8     | 129/267 [00:03<00:04, 34.09it/s]
accuracy: 0.4438, precision: 0.4172, recall: 0.1257, f1_measure: 0.1932, loss: 1.2794 ||:  50%|####9     | 133/267 [00:04<00:03, 34.40it/s]
accuracy: 0.4469, precision: 0.4244, recall: 0.1308, f1_measure: 0.2000, loss: 1.2748 ||:  51%|#####1    | 137/267 [00:04<00:03, 33.66it/s]
accuracy: 0.4495, precision: 0.4255, recall: 0.1394, f1_measure: 0.2100, loss: 1.2706 ||:  53%|#####2    | 141/267 [00:04<00:03, 35.00it/s]
accuracy: 0.4528, precision: 0.4416, recall: 0.1465, f1_measure: 0.2200, loss: 1.2670 ||:  54%|#####4    | 145/267 [00:04<00:03, 34.60it/s]
accuracy: 0.4536, precision: 0.4389, recall: 0.1577, f1_measure: 0.2321, loss: 1.2660 ||:  56%|#####5    | 149/267 [00:04<00:03, 34.09it/s]
accuracy: 0.4542, precision: 0.4444, recall: 0.1750, f1_measure: 0.2511, loss: 1.2632 ||:  57%|#####7    | 153/267 [00:04<00:03, 33.58it/s]
accuracy: 0.4548, precision: 0.4387, recall: 0.1799, f1_measure: 0.2551, loss: 1.2635 ||:  59%|#####8    | 157/267 [00:04<00:03, 32.14it/s]
accuracy: 0.4540, precision: 0.4316, recall: 0.1817, f1_measure: 0.2557, loss: 1.2647 ||:  60%|######    | 161/267 [00:04<00:03, 31.39it/s]
accuracy: 0.4551, precision: 0.4314, recall: 0.1894, f1_measure: 0.2632, loss: 1.2632 ||:  62%|######1   | 165/267 [00:05<00:03, 32.96it/s]
accuracy: 0.4541, precision: 0.4299, recall: 0.1938, f1_measure: 0.2672, loss: 1.2633 ||:  63%|######3   | 169/267 [00:05<00:03, 31.13it/s]
accuracy: 0.4556, precision: 0.4332, recall: 0.2019, f1_measure: 0.2755, loss: 1.2609 ||:  65%|######4   | 173/267 [00:05<00:02, 32.97it/s]
accuracy: 0.4554, precision: 0.4245, recall: 0.2014, f1_measure: 0.2731, loss: 1.2599 ||:  67%|######6   | 178/267 [00:05<00:02, 34.77it/s]
accuracy: 0.4565, precision: 0.4313, recall: 0.2079, f1_measure: 0.2806, loss: 1.2583 ||:  69%|######8   | 183/267 [00:05<00:02, 37.03it/s]
accuracy: 0.4582, precision: 0.4324, recall: 0.2089, f1_measure: 0.2817, loss: 1.2557 ||:  70%|#######   | 187/267 [00:05<00:02, 37.68it/s]
accuracy: 0.4588, precision: 0.4335, recall: 0.2069, f1_measure: 0.2801, loss: 1.2556 ||:  72%|#######1  | 191/267 [00:05<00:02, 36.88it/s]
accuracy: 0.4601, precision: 0.4256, recall: 0.2072, f1_measure: 0.2788, loss: 1.2540 ||:  73%|#######3  | 195/267 [00:05<00:02, 35.75it/s]
accuracy: 0.4612, precision: 0.4320, recall: 0.2171, f1_measure: 0.2890, loss: 1.2544 ||:  75%|#######4  | 199/267 [00:05<00:01, 35.02it/s]
accuracy: 0.4614, precision: 0.4309, recall: 0.2190, f1_measure: 0.2904, loss: 1.2548 ||:  76%|#######6  | 203/267 [00:06<00:01, 32.46it/s]
accuracy: 0.4606, precision: 0.4263, recall: 0.2229, f1_measure: 0.2927, loss: 1.2556 ||:  78%|#######7  | 207/267 [00:06<00:01, 31.82it/s]
accuracy: 0.4619, precision: 0.4304, recall: 0.2250, f1_measure: 0.2955, loss: 1.2544 ||:  79%|#######9  | 211/267 [00:06<00:01, 29.83it/s]
accuracy: 0.4631, precision: 0.4340, recall: 0.2277, f1_measure: 0.2987, loss: 1.2531 ||:  81%|########  | 215/267 [00:06<00:01, 31.25it/s]
accuracy: 0.4656, precision: 0.4397, recall: 0.2339, f1_measure: 0.3054, loss: 1.2506 ||:  82%|########2 | 220/267 [00:06<00:01, 33.14it/s]
accuracy: 0.4653, precision: 0.4365, recall: 0.2353, f1_measure: 0.3058, loss: 1.2508 ||:  84%|########3 | 224/267 [00:06<00:01, 32.80it/s]
accuracy: 0.4656, precision: 0.4436, recall: 0.2424, f1_measure: 0.3135, loss: 1.2509 ||:  85%|########5 | 228/267 [00:06<00:01, 34.43it/s]
accuracy: 0.4667, precision: 0.4494, recall: 0.2479, f1_measure: 0.3196, loss: 1.2491 ||:  87%|########6 | 232/267 [00:07<00:01, 33.38it/s]
accuracy: 0.4670, precision: 0.4495, recall: 0.2495, f1_measure: 0.3209, loss: 1.2487 ||:  88%|########8 | 236/267 [00:07<00:00, 32.74it/s]
accuracy: 0.4684, precision: 0.4560, recall: 0.2535, f1_measure: 0.3258, loss: 1.2470 ||:  90%|########9 | 240/267 [00:07<00:00, 32.85it/s]
accuracy: 0.4668, precision: 0.4518, recall: 0.2534, f1_measure: 0.3247, loss: 1.2483 ||:  91%|#########1| 244/267 [00:07<00:00, 32.17it/s]
accuracy: 0.4671, precision: 0.4501, recall: 0.2570, f1_measure: 0.3272, loss: 1.2477 ||:  93%|#########2| 248/267 [00:07<00:00, 33.33it/s]
accuracy: 0.4671, precision: 0.4485, recall: 0.2584, f1_measure: 0.3279, loss: 1.2463 ||:  94%|#########4| 252/267 [00:07<00:00, 32.57it/s]
accuracy: 0.4680, precision: 0.4443, recall: 0.2583, f1_measure: 0.3267, loss: 1.2444 ||:  96%|#########5| 256/267 [00:07<00:00, 33.86it/s]
accuracy: 0.4684, precision: 0.4455, recall: 0.2563, f1_measure: 0.3254, loss: 1.2424 ||:  98%|#########7| 261/267 [00:07<00:00, 35.05it/s]
accuracy: 0.4691, precision: 0.4461, recall: 0.2562, f1_measure: 0.3255, loss: 1.2402 ||:  99%|#########9| 265/267 [00:07<00:00, 36.03it/s]
accuracy: 0.4682, precision: 0.4448, recall: 0.2546, f1_measure: 0.3238, loss: 1.2401 ||: 100%|##########| 267/267 [00:08<00:00, 33.27it/s]

  0%|          | 0/35 [00:00<?, ?it/s]
accuracy: 0.3750, precision: 0.4043, recall: 0.2159, f1_measure: 0.2815, loss: 1.3470 ||:  60%|######    | 21/35 [00:00<00:00, 202.30it/s]
accuracy: 0.3805, precision: 0.3714, recall: 0.1884, f1_measure: 0.2500, loss: 1.3943 ||:  97%|#########7| 34/35 [00:00<00:00, 170.76it/s]
accuracy: 0.3824, precision: 0.3662, recall: 0.1871, f1_measure: 0.2476, loss: 1.3922 ||: 100%|##########| 35/35 [00:00<00:00, 161.98it/s]

  0%|          | 0/267 [00:00<?, ?it/s]
accuracy: 0.6562, precision: 1.0000, recall: 0.6000, f1_measure: 0.7500, loss: 1.0187 ||:   0%|          | 1/267 [00:00<00:46,  5.75it/s]
accuracy: 0.6875, precision: 0.8000, recall: 0.5926, f1_measure: 0.6809, loss: 0.8900 ||:   2%|1         | 5/267 [00:00<00:34,  7.62it/s]
accuracy: 0.6406, precision: 0.6389, recall: 0.5610, f1_measure: 0.5974, loss: 0.8985 ||:   3%|2         | 8/267 [00:00<00:26,  9.78it/s]
accuracy: 0.6406, precision: 0.6852, recall: 0.6066, f1_measure: 0.6435, loss: 0.8813 ||:   4%|4         | 12/267 [00:00<00:20, 12.49it/s]
accuracy: 0.6426, precision: 0.6857, recall: 0.6486, f1_measure: 0.6667, loss: 0.8775 ||:   6%|5         | 16/267 [00:00<00:16, 15.29it/s]
accuracy: 0.6354, precision: 0.6585, recall: 0.6207, f1_measure: 0.6391, loss: 0.8726 ||:   8%|7         | 21/267 [00:00<00:13, 18.71it/s]
accuracy: 0.6341, precision: 0.6364, recall: 0.5773, f1_measure: 0.6054, loss: 0.8723 ||:   9%|8         | 24/267 [00:00<00:11, 20.47it/s]
accuracy: 0.6379, precision: 0.6436, recall: 0.5909, f1_measure: 0.6161, loss: 0.8616 ||:  11%|#         | 29/267 [00:01<00:10, 23.75it/s]
accuracy: 0.6360, precision: 0.6667, recall: 0.6154, f1_measure: 0.6400, loss: 0.8751 ||:  13%|#2        | 34/267 [00:01<00:08, 27.28it/s]
accuracy: 0.6349, precision: 0.6667, recall: 0.6486, f1_measure: 0.6575, loss: 0.8744 ||:  14%|#4        | 38/267 [00:01<00:08, 27.56it/s]
accuracy: 0.6403, precision: 0.6970, recall: 0.6686, f1_measure: 0.6825, loss: 0.8658 ||:  16%|#6        | 43/267 [00:01<00:07, 30.22it/s]
accuracy: 0.6449, precision: 0.7029, recall: 0.6578, f1_measure: 0.6796, loss: 0.8577 ||:  18%|#7        | 47/267 [00:01<00:06, 31.76it/s]
accuracy: 0.6400, precision: 0.7158, recall: 0.6570, f1_measure: 0.6851, loss: 0.8591 ||:  19%|#9        | 52/267 [00:01<00:06, 33.28it/s]
accuracy: 0.6445, precision: 0.6968, recall: 0.6696, f1_measure: 0.6829, loss: 0.8555 ||:  21%|##        | 56/267 [00:01<00:06, 34.67it/s]
accuracy: 0.6505, precision: 0.7095, recall: 0.6867, f1_measure: 0.6980, loss: 0.8438 ||:  22%|##2       | 60/267 [00:01<00:05, 36.02it/s]
accuracy: 0.6489, precision: 0.7045, recall: 0.6850, f1_measure: 0.6946, loss: 0.8419 ||:  24%|##3       | 64/267 [00:01<00:06, 33.44it/s]
accuracy: 0.6544, precision: 0.7104, recall: 0.6840, f1_measure: 0.6970, loss: 0.8308 ||:  25%|##5       | 68/267 [00:02<00:06, 31.65it/s]
accuracy: 0.6550, precision: 0.7190, recall: 0.6888, f1_measure: 0.7036, loss: 0.8275 ||:  27%|##7       | 73/267 [00:02<00:05, 33.23it/s]
accuracy: 0.6567, precision: 0.7197, recall: 0.6887, f1_measure: 0.7039, loss: 0.8222 ||:  29%|##8       | 77/267 [00:02<00:05, 31.90it/s]
accuracy: 0.6574, precision: 0.7246, recall: 0.6885, f1_measure: 0.7061, loss: 0.8211 ||:  30%|###       | 81/267 [00:02<00:05, 33.20it/s]
accuracy: 0.6577, precision: 0.7169, recall: 0.6873, f1_measure: 0.7018, loss: 0.8255 ||:  32%|###1      | 85/267 [00:02<00:05, 30.65it/s]
accuracy: 0.6594, precision: 0.7201, recall: 0.6899, f1_measure: 0.7047, loss: 0.8249 ||:  33%|###3      | 89/267 [00:02<00:05, 31.36it/s]
accuracy: 0.6599, precision: 0.7175, recall: 0.6921, f1_measure: 0.7046, loss: 0.8263 ||:  35%|###4      | 93/267 [00:02<00:05, 31.86it/s]
accuracy: 0.6623, precision: 0.7227, recall: 0.6931, f1_measure: 0.7076, loss: 0.8252 ||:  37%|###6      | 98/267 [00:03<00:04, 34.27it/s]
accuracy: 0.6599, precision: 0.7165, recall: 0.6898, f1_measure: 0.7029, loss: 0.8303 ||:  38%|###8      | 102/267 [00:03<00:05, 32.88it/s]
accuracy: 0.6624, precision: 0.7105, recall: 0.6952, f1_measure: 0.7028, loss: 0.8283 ||:  40%|###9      | 106/267 [00:03<00:04, 33.98it/s]
accuracy: 0.6636, precision: 0.7070, recall: 0.7021, f1_measure: 0.7045, loss: 0.8262 ||:  41%|####1     | 110/267 [00:03<00:04, 33.49it/s]
accuracy: 0.6658, precision: 0.7040, recall: 0.6978, f1_measure: 0.7009, loss: 0.8212 ||:  43%|####2     | 114/267 [00:03<00:04, 33.84it/s]
accuracy: 0.6666, precision: 0.7061, recall: 0.6910, f1_measure: 0.6985, loss: 0.8208 ||:  44%|####4     | 118/267 [00:03<00:04, 33.06it/s]
accuracy: 0.6675, precision: 0.7053, recall: 0.6921, f1_measure: 0.6986, loss: 0.8195 ||:  46%|####5     | 122/267 [00:03<00:04, 33.59it/s]
accuracy: 0.6677, precision: 0.7014, recall: 0.6944, f1_measure: 0.6979, loss: 0.8164 ||:  47%|####7     | 126/267 [00:03<00:04, 34.59it/s]
accuracy: 0.6685, precision: 0.6975, recall: 0.6975, f1_measure: 0.6975, loss: 0.8145 ||:  49%|####8     | 130/267 [00:04<00:04, 31.38it/s]
accuracy: 0.6698, precision: 0.6989, recall: 0.7002, f1_measure: 0.6995, loss: 0.8100 ||:  50%|#####     | 134/267 [00:04<00:04, 32.03it/s]
accuracy: 0.6723, precision: 0.7011, recall: 0.6946, f1_measure: 0.6978, loss: 0.8053 ||:  52%|#####1    | 138/267 [00:04<00:03, 32.44it/s]
accuracy: 0.6723, precision: 0.7013, recall: 0.6873, f1_measure: 0.6942, loss: 0.8041 ||:  53%|#####3    | 142/267 [00:04<00:03, 32.89it/s]
accuracy: 0.6745, precision: 0.7045, recall: 0.6848, f1_measure: 0.6945, loss: 0.8032 ||:  55%|#####5    | 147/267 [00:04<00:03, 35.17it/s]
accuracy: 0.6732, precision: 0.7031, recall: 0.6855, f1_measure: 0.6942, loss: 0.8063 ||:  57%|#####6    | 151/267 [00:04<00:03, 34.24it/s]
accuracy: 0.6736, precision: 0.6928, recall: 0.6906, f1_measure: 0.6917, loss: 0.8073 ||:  58%|#####8    | 155/267 [00:04<00:03, 32.47it/s]
accuracy: 0.6726, precision: 0.6924, recall: 0.6957, f1_measure: 0.6941, loss: 0.8070 ||:  60%|#####9    | 159/267 [00:04<00:03, 34.29it/s]
accuracy: 0.6735, precision: 0.6920, recall: 0.6952, f1_measure: 0.6936, loss: 0.8071 ||:  61%|######1   | 163/267 [00:04<00:02, 34.93it/s]
accuracy: 0.6737, precision: 0.6960, recall: 0.6887, f1_measure: 0.6924, loss: 0.8074 ||:  63%|######2   | 167/267 [00:05<00:02, 34.34it/s]
accuracy: 0.6731, precision: 0.6979, recall: 0.6877, f1_measure: 0.6928, loss: 0.8074 ||:  64%|######4   | 171/267 [00:05<00:02, 33.27it/s]
accuracy: 0.6736, precision: 0.6951, recall: 0.6862, f1_measure: 0.6906, loss: 0.8064 ||:  66%|######6   | 177/267 [00:05<00:02, 37.15it/s]
accuracy: 0.6732, precision: 0.6912, recall: 0.6864, f1_measure: 0.6888, loss: 0.8063 ||:  68%|######7   | 181/267 [00:05<00:02, 35.58it/s]
accuracy: 0.6730, precision: 0.6850, recall: 0.6898, f1_measure: 0.6874, loss: 0.8073 ||:  69%|######9   | 185/267 [00:05<00:02, 36.32it/s]
accuracy: 0.6718, precision: 0.6877, recall: 0.6895, f1_measure: 0.6886, loss: 0.8083 ||:  71%|#######   | 189/267 [00:05<00:02, 36.59it/s]
accuracy: 0.6720, precision: 0.6911, recall: 0.6884, f1_measure: 0.6897, loss: 0.8088 ||:  72%|#######2  | 193/267 [00:05<00:02, 34.29it/s]
accuracy: 0.6707, precision: 0.6969, recall: 0.6890, f1_measure: 0.6929, loss: 0.8095 ||:  74%|#######3  | 197/267 [00:05<00:02, 34.68it/s]
accuracy: 0.6709, precision: 0.6949, recall: 0.6889, f1_measure: 0.6919, loss: 0.8115 ||:  75%|#######5  | 201/267 [00:06<00:01, 33.77it/s]
accuracy: 0.6709, precision: 0.6960, recall: 0.6943, f1_measure: 0.6952, loss: 0.8108 ||:  77%|#######6  | 205/267 [00:06<00:01, 34.57it/s]
accuracy: 0.6714, precision: 0.6968, recall: 0.6935, f1_measure: 0.6951, loss: 0.8085 ||:  78%|#######8  | 209/267 [00:06<00:01, 35.06it/s]
accuracy: 0.6711, precision: 0.6972, recall: 0.6923, f1_measure: 0.6947, loss: 0.8096 ||:  80%|#######9  | 213/267 [00:06<00:01, 36.27it/s]
accuracy: 0.6729, precision: 0.7007, recall: 0.6935, f1_measure: 0.6971, loss: 0.8056 ||:  82%|########1 | 218/267 [00:06<00:01, 37.39it/s]
accuracy: 0.6730, precision: 0.6963, recall: 0.6924, f1_measure: 0.6943, loss: 0.8046 ||:  83%|########3 | 222/267 [00:06<00:01, 36.93it/s]
accuracy: 0.6737, precision: 0.6969, recall: 0.6915, f1_measure: 0.6942, loss: 0.8042 ||:  85%|########4 | 226/267 [00:06<00:01, 33.39it/s]
accuracy: 0.6746, precision: 0.6980, recall: 0.6897, f1_measure: 0.6939, loss: 0.8015 ||:  86%|########6 | 230/267 [00:06<00:01, 34.76it/s]
accuracy: 0.6747, precision: 0.6992, recall: 0.6903, f1_measure: 0.6948, loss: 0.8003 ||:  88%|########7 | 234/267 [00:07<00:01, 31.05it/s]
accuracy: 0.6753, precision: 0.6964, recall: 0.6921, f1_measure: 0.6942, loss: 0.8003 ||:  89%|########9 | 238/267 [00:07<00:00, 29.69it/s]
accuracy: 0.6750, precision: 0.6966, recall: 0.6916, f1_measure: 0.6941, loss: 0.8017 ||:  91%|######### | 242/267 [00:07<00:00, 30.34it/s]
accuracy: 0.6752, precision: 0.6996, recall: 0.6905, f1_measure: 0.6950, loss: 0.8018 ||:  92%|#########2| 246/267 [00:07<00:00, 28.57it/s]
accuracy: 0.6749, precision: 0.6970, recall: 0.6867, f1_measure: 0.6918, loss: 0.8040 ||:  94%|#########4| 251/267 [00:07<00:00, 31.50it/s]
accuracy: 0.6752, precision: 0.6962, recall: 0.6867, f1_measure: 0.6914, loss: 0.8029 ||:  96%|#########5| 255/267 [00:07<00:00, 32.66it/s]
accuracy: 0.6740, precision: 0.6950, recall: 0.6825, f1_measure: 0.6887, loss: 0.8047 ||:  97%|#########7| 260/267 [00:07<00:00, 35.26it/s]
accuracy: 0.6739, precision: 0.6941, recall: 0.6819, f1_measure: 0.6879, loss: 0.8055 ||:  99%|#########8| 264/267 [00:07<00:00, 32.37it/s]
accuracy: 0.6728, precision: 0.6933, recall: 0.6832, f1_measure: 0.6882, loss: 0.8069 ||: 100%|##########| 267/267 [00:08<00:00, 33.02it/s]

  0%|          | 0/35 [00:00<?, ?it/s]
accuracy: 0.3819, precision: 0.2929, recall: 0.3973, f1_measure: 0.3372, loss: 1.5752 ||:  51%|#####1    | 18/35 [00:00<00:00, 179.65it/s]
accuracy: 0.3652, precision: 0.3077, recall: 0.4000, f1_measure: 0.3478, loss: 1.6859 ||:  91%|#########1| 32/35 [00:00<00:00, 165.32it/s]
accuracy: 0.3597, precision: 0.2873, recall: 0.3741, f1_measure: 0.3250, loss: 1.6936 ||: 100%|##########| 35/35 [00:00<00:00, 154.51it/s]

  0%|          | 0/267 [00:00<?, ?it/s]
accuracy: 0.8438, precision: 0.5000, recall: 1.0000, f1_measure: 0.6667, loss: 0.5343 ||:   0%|          | 1/267 [00:00<00:56,  4.70it/s]
accuracy: 0.8984, precision: 0.8000, recall: 0.8571, f1_measure: 0.8276, loss: 0.4173 ||:   1%|1         | 4/267 [00:00<00:42,  6.17it/s]
accuracy: 0.9062, precision: 0.8800, recall: 0.8800, f1_measure: 0.8800, loss: 0.4007 ||:   2%|2         | 6/267 [00:00<00:34,  7.59it/s]
accuracy: 0.8924, precision: 0.8889, recall: 0.8649, f1_measure: 0.8767, loss: 0.4039 ||:   3%|3         | 9/267 [00:00<00:26,  9.72it/s]
accuracy: 0.8724, precision: 0.8723, recall: 0.8367, f1_measure: 0.8542, loss: 0.4248 ||:   4%|4         | 12/267 [00:00<00:21, 12.03it/s]
accuracy: 0.8604, precision: 0.8448, recall: 0.8167, f1_measure: 0.8305, loss: 0.4315 ||:   6%|5         | 15/267 [00:00<00:18, 13.95it/s]
accuracy: 0.8594, precision: 0.8636, recall: 0.8382, f1_measure: 0.8507, loss: 0.4346 ||:   7%|6         | 18/267 [00:00<00:15, 16.02it/s]
accuracy: 0.8651, precision: 0.8452, recall: 0.8554, f1_measure: 0.8503, loss: 0.4178 ||:   8%|8         | 22/267 [00:01<00:12, 18.95it/s]
accuracy: 0.8582, precision: 0.8367, recall: 0.8200, f1_measure: 0.8283, loss: 0.4231 ||:  10%|9         | 26/267 [00:01<00:11, 21.32it/s]
accuracy: 0.8631, precision: 0.8421, recall: 0.8348, f1_measure: 0.8384, loss: 0.4141 ||:  11%|#         | 29/267 [00:01<00:10, 23.20it/s]
accuracy: 0.8617, precision: 0.8385, recall: 0.8321, f1_measure: 0.8352, loss: 0.4148 ||:  12%|#2        | 33/267 [00:01<00:09, 25.34it/s]
accuracy: 0.8581, precision: 0.8231, recall: 0.8345, f1_measure: 0.8288, loss: 0.4178 ||:  14%|#3        | 37/267 [00:01<00:08, 27.38it/s]
accuracy: 0.8620, precision: 0.8210, recall: 0.8418, f1_measure: 0.8312, loss: 0.4122 ||:  15%|#5        | 41/267 [00:01<00:07, 29.76it/s]
accuracy: 0.8604, precision: 0.8306, recall: 0.8306, f1_measure: 0.8306, loss: 0.4122 ||:  17%|#6        | 45/267 [00:01<00:07, 28.91it/s]
accuracy: 0.8571, precision: 0.8402, recall: 0.8232, f1_measure: 0.8316, loss: 0.4188 ||:  18%|#8        | 49/267 [00:01<00:07, 30.32it/s]
accuracy: 0.8591, precision: 0.8318, recall: 0.8279, f1_measure: 0.8298, loss: 0.4139 ||:  20%|#9        | 53/267 [00:02<00:06, 30.75it/s]
accuracy: 0.8586, precision: 0.8412, recall: 0.8376, f1_measure: 0.8394, loss: 0.4108 ||:  21%|##1       | 57/267 [00:02<00:06, 31.79it/s]
accuracy: 0.8607, precision: 0.8462, recall: 0.8394, f1_measure: 0.8427, loss: 0.4078 ||:  23%|##2       | 61/267 [00:02<00:06, 33.22it/s]
accuracy: 0.8615, precision: 0.8479, recall: 0.8447, f1_measure: 0.8463, loss: 0.4081 ||:  24%|##4       | 65/267 [00:02<00:05, 34.57it/s]
accuracy: 0.8628, precision: 0.8393, recall: 0.8484, f1_measure: 0.8438, loss: 0.4078 ||:  26%|##5       | 69/267 [00:02<00:05, 34.45it/s]
accuracy: 0.8592, precision: 0.8362, recall: 0.8362, f1_measure: 0.8362, loss: 0.4116 ||:  27%|##7       | 73/267 [00:02<00:05, 34.01it/s]
accuracy: 0.8616, precision: 0.8431, recall: 0.8377, f1_measure: 0.8404, loss: 0.4084 ||:  29%|##8       | 77/267 [00:02<00:05, 35.43it/s]
accuracy: 0.8584, precision: 0.8478, recall: 0.8298, f1_measure: 0.8387, loss: 0.4145 ||:  30%|###       | 81/267 [00:02<00:05, 33.47it/s]
accuracy: 0.8599, precision: 0.8473, recall: 0.8400, f1_measure: 0.8436, loss: 0.4122 ||:  32%|###1      | 85/267 [00:02<00:05, 33.54it/s]
accuracy: 0.8585, precision: 0.8441, recall: 0.8486, f1_measure: 0.8464, loss: 0.4130 ||:  33%|###3      | 89/267 [00:03<00:06, 29.25it/s]
accuracy: 0.8582, precision: 0.8385, recall: 0.8538, f1_measure: 0.8461, loss: 0.4142 ||:  35%|###4      | 93/267 [00:03<00:05, 29.95it/s]
accuracy: 0.8582, precision: 0.8420, recall: 0.8525, f1_measure: 0.8472, loss: 0.4131 ||:  36%|###6      | 97/267 [00:03<00:05, 30.73it/s]
accuracy: 0.8552, precision: 0.8392, recall: 0.8513, f1_measure: 0.8452, loss: 0.4185 ||:  38%|###7      | 101/267 [00:03<00:05, 32.79it/s]
accuracy: 0.8536, precision: 0.8416, recall: 0.8532, f1_measure: 0.8474, loss: 0.4224 ||:  39%|###9      | 105/267 [00:03<00:04, 33.75it/s]
accuracy: 0.8538, precision: 0.8453, recall: 0.8546, f1_measure: 0.8499, loss: 0.4226 ||:  41%|####      | 109/267 [00:03<00:04, 34.01it/s]
accuracy: 0.8518, precision: 0.8471, recall: 0.8562, f1_measure: 0.8517, loss: 0.4276 ||:  42%|####2     | 113/267 [00:03<00:04, 32.49it/s]
accuracy: 0.8515, precision: 0.8415, recall: 0.8536, f1_measure: 0.8475, loss: 0.4272 ||:  44%|####3     | 117/267 [00:03<00:04, 33.21it/s]
accuracy: 0.8507, precision: 0.8383, recall: 0.8502, f1_measure: 0.8442, loss: 0.4275 ||:  45%|####5     | 121/267 [00:04<00:04, 34.97it/s]
accuracy: 0.8485, precision: 0.8346, recall: 0.8495, f1_measure: 0.8420, loss: 0.4301 ||:  47%|####6     | 125/267 [00:04<00:04, 34.74it/s]
accuracy: 0.8491, precision: 0.8352, recall: 0.8514, f1_measure: 0.8432, loss: 0.4307 ||:  48%|####8     | 129/267 [00:04<00:04, 34.14it/s]
accuracy: 0.8479, precision: 0.8383, recall: 0.8430, f1_measure: 0.8406, loss: 0.4337 ||:  50%|#####     | 134/267 [00:04<00:03, 35.68it/s]
accuracy: 0.8476, precision: 0.8417, recall: 0.8417, f1_measure: 0.8417, loss: 0.4330 ||:  52%|#####1    | 138/267 [00:04<00:03, 34.06it/s]
accuracy: 0.8479, precision: 0.8400, recall: 0.8429, f1_measure: 0.8415, loss: 0.4321 ||:  53%|#####3    | 142/267 [00:04<00:03, 34.59it/s]
accuracy: 0.8455, precision: 0.8353, recall: 0.8465, f1_measure: 0.8409, loss: 0.4383 ||:  55%|#####4    | 146/267 [00:04<00:03, 35.80it/s]
accuracy: 0.8444, precision: 0.8369, recall: 0.8438, f1_measure: 0.8403, loss: 0.4400 ||:  56%|#####6    | 150/267 [00:04<00:03, 36.20it/s]
accuracy: 0.8440, precision: 0.8357, recall: 0.8424, f1_measure: 0.8391, loss: 0.4433 ||:  58%|#####7    | 154/267 [00:05<00:03, 35.25it/s]
accuracy: 0.8430, precision: 0.8370, recall: 0.8409, f1_measure: 0.8390, loss: 0.4456 ||:  59%|#####9    | 158/267 [00:05<00:03, 36.03it/s]
accuracy: 0.8412, precision: 0.8326, recall: 0.8390, f1_measure: 0.8358, loss: 0.4488 ||:  61%|######    | 162/267 [00:05<00:03, 32.13it/s]
accuracy: 0.8390, precision: 0.8296, recall: 0.8396, f1_measure: 0.8346, loss: 0.4507 ||:  62%|######2   | 166/267 [00:05<00:03, 32.64it/s]
accuracy: 0.8386, precision: 0.8312, recall: 0.8372, f1_measure: 0.8342, loss: 0.4535 ||:  64%|######3   | 170/267 [00:05<00:02, 34.17it/s]
accuracy: 0.8393, precision: 0.8340, recall: 0.8399, f1_measure: 0.8370, loss: 0.4524 ||:  65%|######5   | 174/267 [00:05<00:02, 35.42it/s]
accuracy: 0.8383, precision: 0.8331, recall: 0.8365, f1_measure: 0.8348, loss: 0.4542 ||:  67%|######6   | 178/267 [00:05<00:02, 35.32it/s]
accuracy: 0.8376, precision: 0.8322, recall: 0.8356, f1_measure: 0.8339, loss: 0.4551 ||:  68%|######8   | 182/267 [00:05<00:02, 35.80it/s]
accuracy: 0.8377, precision: 0.8331, recall: 0.8386, f1_measure: 0.8359, loss: 0.4544 ||:  70%|######9   | 186/267 [00:05<00:02, 35.79it/s]
accuracy: 0.8357, precision: 0.8297, recall: 0.8394, f1_measure: 0.8345, loss: 0.4571 ||:  71%|#######1  | 190/267 [00:06<00:02, 35.45it/s]
accuracy: 0.8357, precision: 0.8319, recall: 0.8371, f1_measure: 0.8345, loss: 0.4586 ||:  73%|#######2  | 194/267 [00:06<00:02, 35.46it/s]
accuracy: 0.8357, precision: 0.8298, recall: 0.8381, f1_measure: 0.8340, loss: 0.4593 ||:  74%|#######4  | 198/267 [00:06<00:02, 34.00it/s]
accuracy: 0.8362, precision: 0.8327, recall: 0.8399, f1_measure: 0.8363, loss: 0.4592 ||:  76%|#######5  | 202/267 [00:06<00:01, 34.64it/s]
accuracy: 0.8366, precision: 0.8337, recall: 0.8387, f1_measure: 0.8362, loss: 0.4582 ||:  77%|#######7  | 206/267 [00:06<00:01, 34.06it/s]
accuracy: 0.8368, precision: 0.8347, recall: 0.8376, f1_measure: 0.8362, loss: 0.4579 ||:  79%|#######8  | 210/267 [00:06<00:01, 33.57it/s]
accuracy: 0.8373, precision: 0.8337, recall: 0.8395, f1_measure: 0.8366, loss: 0.4573 ||:  80%|########  | 214/267 [00:06<00:01, 31.34it/s]
accuracy: 0.8370, precision: 0.8346, recall: 0.8384, f1_measure: 0.8365, loss: 0.4579 ||:  82%|########1 | 218/267 [00:06<00:01, 32.42it/s]
accuracy: 0.8383, precision: 0.8359, recall: 0.8405, f1_measure: 0.8382, loss: 0.4558 ||:  83%|########3 | 222/267 [00:07<00:01, 32.91it/s]
accuracy: 0.8374, precision: 0.8335, recall: 0.8380, f1_measure: 0.8358, loss: 0.4572 ||:  85%|########4 | 226/267 [00:07<00:01, 33.01it/s]
accuracy: 0.8375, precision: 0.8347, recall: 0.8401, f1_measure: 0.8374, loss: 0.4575 ||:  86%|########6 | 230/267 [00:07<00:01, 33.26it/s]
accuracy: 0.8370, precision: 0.8313, recall: 0.8417, f1_measure: 0.8365, loss: 0.4582 ||:  88%|########8 | 235/267 [00:07<00:00, 35.28it/s]
accuracy: 0.8375, precision: 0.8320, recall: 0.8397, f1_measure: 0.8358, loss: 0.4574 ||:  90%|########9 | 239/267 [00:07<00:00, 35.01it/s]
accuracy: 0.8373, precision: 0.8337, recall: 0.8387, f1_measure: 0.8362, loss: 0.4566 ||:  91%|#########1| 244/267 [00:07<00:00, 36.66it/s]
accuracy: 0.8372, precision: 0.8335, recall: 0.8385, f1_measure: 0.8360, loss: 0.4565 ||:  93%|#########2| 248/267 [00:07<00:00, 34.21it/s]
accuracy: 0.8374, precision: 0.8338, recall: 0.8395, f1_measure: 0.8366, loss: 0.4556 ||:  94%|#########4| 252/267 [00:07<00:00, 32.90it/s]
accuracy: 0.8358, precision: 0.8316, recall: 0.8403, f1_measure: 0.8359, loss: 0.4585 ||:  96%|#########5| 256/267 [00:07<00:00, 33.03it/s]
accuracy: 0.8357, precision: 0.8299, recall: 0.8409, f1_measure: 0.8354, loss: 0.4589 ||:  97%|#########7| 260/267 [00:08<00:00, 34.61it/s]
accuracy: 0.8356, precision: 0.8304, recall: 0.8397, f1_measure: 0.8350, loss: 0.4583 ||:  99%|#########8| 264/267 [00:08<00:00, 34.07it/s]
accuracy: 0.8353, precision: 0.8292, recall: 0.8361, f1_measure: 0.8326, loss: 0.4602 ||: 100%|##########| 267/267 [00:08<00:00, 32.20it/s]

  0%|          | 0/35 [00:00<?, ?it/s]
accuracy: 0.3703, precision: 0.3333, recall: 0.2875, f1_measure: 0.3087, loss: 1.9148 ||:  57%|#####7    | 20/35 [00:00<00:00, 196.66it/s]
accuracy: 0.3502, precision: 0.2970, recall: 0.2190, f1_measure: 0.2521, loss: 2.1036 ||:  97%|#########7| 34/35 [00:00<00:00, 173.87it/s]
accuracy: 0.3488, precision: 0.2970, recall: 0.2158, f1_measure: 0.2500, loss: 2.1216 ||: 100%|##########| 35/35 [00:00<00:00, 164.81it/s]

  0%|          | 0/267 [00:00<?, ?it/s]
accuracy: 0.9375, precision: 1.0000, recall: 1.0000, f1_measure: 1.0000, loss: 0.2300 ||:   0%|          | 1/267 [00:00<01:22,  3.24it/s]
accuracy: 0.9531, precision: 0.9524, recall: 1.0000, f1_measure: 0.9756, loss: 0.2144 ||:   1%|1         | 4/267 [00:00<01:00,  4.37it/s]
accuracy: 0.9375, precision: 0.9722, recall: 0.9459, f1_measure: 0.9589, loss: 0.2437 ||:   3%|2         | 8/267 [00:00<00:43,  5.95it/s]
accuracy: 0.9453, precision: 0.9623, recall: 0.9623, f1_measure: 0.9623, loss: 0.2185 ||:   4%|4         | 12/267 [00:00<00:32,  7.85it/s]
accuracy: 0.9316, precision: 0.9028, recall: 0.9286, f1_measure: 0.9155, loss: 0.2418 ||:   6%|5         | 16/267 [00:00<00:24, 10.25it/s]
accuracy: 0.9266, precision: 0.9048, recall: 0.9048, f1_measure: 0.9048, loss: 0.2405 ||:   7%|7         | 20/267 [00:00<00:19, 12.99it/s]
accuracy: 0.9336, precision: 0.9208, recall: 0.9118, f1_measure: 0.9163, loss: 0.2204 ||:   9%|8         | 24/267 [00:01<00:15, 15.92it/s]
accuracy: 0.9352, precision: 0.9292, recall: 0.9211, f1_measure: 0.9251, loss: 0.2141 ||:  10%|#         | 27/267 [00:01<00:13, 17.86it/s]
accuracy: 0.9365, precision: 0.9398, recall: 0.9191, f1_measure: 0.9294, loss: 0.2068 ||:  12%|#1        | 31/267 [00:01<00:11, 20.81it/s]
accuracy: 0.9330, precision: 0.9200, recall: 0.9200, f1_measure: 0.9200, loss: 0.2169 ||:  13%|#3        | 35/267 [00:01<00:09, 23.80it/s]
accuracy: 0.9297, precision: 0.9249, recall: 0.9302, f1_measure: 0.9275, loss: 0.2226 ||:  15%|#4        | 40/267 [00:01<00:08, 26.82it/s]
accuracy: 0.9311, precision: 0.9319, recall: 0.9368, f1_measure: 0.9344, loss: 0.2155 ||:  16%|#6        | 44/267 [00:01<00:07, 29.10it/s]
accuracy: 0.9271, precision: 0.9349, recall: 0.9437, f1_measure: 0.9393, loss: 0.2275 ||:  18%|#7        | 48/267 [00:01<00:07, 28.39it/s]
accuracy: 0.9249, precision: 0.9394, recall: 0.9313, f1_measure: 0.9353, loss: 0.2307 ||:  19%|#9        | 52/267 [00:01<00:07, 30.35it/s]
accuracy: 0.9258, precision: 0.9398, recall: 0.9360, f1_measure: 0.9379, loss: 0.2329 ||:  21%|##        | 56/267 [00:01<00:06, 32.30it/s]
accuracy: 0.9234, precision: 0.9310, recall: 0.9382, f1_measure: 0.9346, loss: 0.2363 ||:  22%|##2       | 60/267 [00:02<00:06, 32.13it/s]
accuracy: 0.9248, precision: 0.9319, recall: 0.9386, f1_measure: 0.9353, loss: 0.2301 ||:  24%|##3       | 64/267 [00:02<00:06, 32.85it/s]
accuracy: 0.9237, precision: 0.9295, recall: 0.9358, f1_measure: 0.9327, loss: 0.2307 ||:  25%|##5       | 68/267 [00:02<00:06, 32.06it/s]
accuracy: 0.9232, precision: 0.9306, recall: 0.9365, f1_measure: 0.9335, loss: 0.2364 ||:  27%|##6       | 72/267 [00:02<00:06, 31.85it/s]
accuracy: 0.9202, precision: 0.9324, recall: 0.9351, f1_measure: 0.9337, loss: 0.2422 ||:  28%|##8       | 76/267 [00:02<00:05, 32.28it/s]
accuracy: 0.9199, precision: 0.9326, recall: 0.9379, f1_measure: 0.9352, loss: 0.2424 ||:  30%|##9       | 80/267 [00:02<00:05, 31.47it/s]
accuracy: 0.9174, precision: 0.9208, recall: 0.9382, f1_measure: 0.9294, loss: 0.2490 ||:  31%|###1      | 84/267 [00:02<00:06, 30.37it/s]
accuracy: 0.9176, precision: 0.9244, recall: 0.9362, f1_measure: 0.9303, loss: 0.2486 ||:  33%|###2      | 88/267 [00:02<00:05, 31.26it/s]
accuracy: 0.9183, precision: 0.9229, recall: 0.9341, f1_measure: 0.9285, loss: 0.2472 ||:  35%|###4      | 93/267 [00:03<00:05, 33.24it/s]
accuracy: 0.9195, precision: 0.9225, recall: 0.9335, f1_measure: 0.9280, loss: 0.2455 ||:  36%|###6      | 97/267 [00:03<00:05, 32.04it/s]
accuracy: 0.9208, precision: 0.9245, recall: 0.9352, f1_measure: 0.9298, loss: 0.2421 ||:  38%|###7      | 101/267 [00:03<00:05, 33.10it/s]
accuracy: 0.9210, precision: 0.9254, recall: 0.9316, f1_measure: 0.9285, loss: 0.2439 ||:  40%|###9      | 106/267 [00:03<00:04, 34.13it/s]
accuracy: 0.9227, precision: 0.9287, recall: 0.9346, f1_measure: 0.9317, loss: 0.2394 ||:  41%|####1     | 110/267 [00:03<00:04, 31.46it/s]
accuracy: 0.9238, precision: 0.9277, recall: 0.9352, f1_measure: 0.9315, loss: 0.2373 ||:  43%|####2     | 114/267 [00:03<00:04, 32.55it/s]
accuracy: 0.9227, precision: 0.9282, recall: 0.9354, f1_measure: 0.9318, loss: 0.2382 ||:  44%|####4     | 118/267 [00:03<00:04, 33.13it/s]
accuracy: 0.9226, precision: 0.9286, recall: 0.9338, f1_measure: 0.9312, loss: 0.2367 ||:  46%|####5     | 122/267 [00:04<00:04, 32.40it/s]
accuracy: 0.9239, precision: 0.9270, recall: 0.9338, f1_measure: 0.9304, loss: 0.2343 ||:  47%|####7     | 126/267 [00:04<00:04, 32.59it/s]
accuracy: 0.9227, precision: 0.9274, recall: 0.9340, f1_measure: 0.9307, loss: 0.2358 ||:  49%|####9     | 131/267 [00:04<00:03, 35.55it/s]
accuracy: 0.9236, precision: 0.9291, recall: 0.9339, f1_measure: 0.9315, loss: 0.2341 ||:  51%|#####     | 135/267 [00:04<00:04, 32.20it/s]
accuracy: 0.9231, precision: 0.9277, recall: 0.9293, f1_measure: 0.9285, loss: 0.2361 ||:  52%|#####2    | 139/267 [00:04<00:03, 33.85it/s]
accuracy: 0.9220, precision: 0.9252, recall: 0.9297, f1_measure: 0.9275, loss: 0.2385 ||:  54%|#####3    | 143/267 [00:04<00:03, 34.16it/s]
accuracy: 0.9206, precision: 0.9211, recall: 0.9299, f1_measure: 0.9255, loss: 0.2411 ||:  55%|#####5    | 148/267 [00:04<00:03, 35.59it/s]
accuracy: 0.9213, precision: 0.9232, recall: 0.9318, f1_measure: 0.9275, loss: 0.2390 ||:  57%|#####6    | 152/267 [00:04<00:03, 34.95it/s]
accuracy: 0.9209, precision: 0.9247, recall: 0.9317, f1_measure: 0.9282, loss: 0.2404 ||:  58%|#####8    | 156/267 [00:04<00:03, 34.54it/s]
accuracy: 0.9201, precision: 0.9246, recall: 0.9301, f1_measure: 0.9273, loss: 0.2409 ||:  60%|#####9    | 160/267 [00:05<00:03, 35.18it/s]
accuracy: 0.9198, precision: 0.9243, recall: 0.9270, f1_measure: 0.9257, loss: 0.2419 ||:  61%|######1   | 164/267 [00:05<00:02, 35.53it/s]
accuracy: 0.9187, precision: 0.9209, recall: 0.9261, f1_measure: 0.9235, loss: 0.2437 ||:  63%|######2   | 168/267 [00:05<00:02, 36.62it/s]
accuracy: 0.9188, precision: 0.9185, recall: 0.9275, f1_measure: 0.9230, loss: 0.2440 ||:  64%|######4   | 172/267 [00:05<00:02, 35.99it/s]
accuracy: 0.9192, precision: 0.9196, recall: 0.9272, f1_measure: 0.9234, loss: 0.2430 ||:  66%|######5   | 176/267 [00:05<00:02, 35.84it/s]
accuracy: 0.9194, precision: 0.9214, recall: 0.9264, f1_measure: 0.9239, loss: 0.2422 ||:  67%|######7   | 180/267 [00:05<00:02, 34.71it/s]
accuracy: 0.9191, precision: 0.9237, recall: 0.9249, f1_measure: 0.9243, loss: 0.2448 ||:  69%|######9   | 185/267 [00:05<00:02, 36.18it/s]
accuracy: 0.9201, precision: 0.9240, recall: 0.9251, f1_measure: 0.9245, loss: 0.2428 ||:  71%|#######   | 189/267 [00:05<00:02, 36.29it/s]
accuracy: 0.9199, precision: 0.9241, recall: 0.9253, f1_measure: 0.9247, loss: 0.2430 ||:  72%|#######2  | 193/267 [00:06<00:02, 34.51it/s]
accuracy: 0.9194, precision: 0.9219, recall: 0.9230, f1_measure: 0.9224, loss: 0.2442 ||:  74%|#######3  | 197/267 [00:06<00:02, 34.59it/s]
accuracy: 0.9188, precision: 0.9174, recall: 0.9240, f1_measure: 0.9207, loss: 0.2455 ||:  76%|#######5  | 202/267 [00:06<00:01, 36.37it/s]
accuracy: 0.9173, precision: 0.9166, recall: 0.9220, f1_measure: 0.9193, loss: 0.2503 ||:  77%|#######7  | 206/267 [00:06<00:01, 33.94it/s]
accuracy: 0.9158, precision: 0.9171, recall: 0.9192, f1_measure: 0.9181, loss: 0.2530 ||:  79%|#######8  | 210/267 [00:06<00:01, 32.69it/s]
accuracy: 0.9159, precision: 0.9153, recall: 0.9195, f1_measure: 0.9174, loss: 0.2535 ||:  80%|########  | 214/267 [00:06<00:01, 32.98it/s]
accuracy: 0.9167, precision: 0.9165, recall: 0.9215, f1_measure: 0.9190, loss: 0.2514 ||:  82%|########2 | 219/267 [00:06<00:01, 35.05it/s]
accuracy: 0.9162, precision: 0.9128, recall: 0.9227, f1_measure: 0.9177, loss: 0.2519 ||:  84%|########3 | 223/267 [00:06<00:01, 34.61it/s]
accuracy: 0.9159, precision: 0.9124, recall: 0.9241, f1_measure: 0.9183, loss: 0.2517 ||:  85%|########5 | 227/267 [00:07<00:01, 33.70it/s]
accuracy: 0.9152, precision: 0.9128, recall: 0.9214, f1_measure: 0.9171, loss: 0.2537 ||:  87%|########6 | 231/267 [00:07<00:01, 33.47it/s]
accuracy: 0.9149, precision: 0.9118, recall: 0.9193, f1_measure: 0.9156, loss: 0.2543 ||:  88%|########8 | 235/267 [00:07<00:00, 32.14it/s]
accuracy: 0.9142, precision: 0.9120, recall: 0.9195, f1_measure: 0.9157, loss: 0.2545 ||:  90%|########9 | 239/267 [00:07<00:00, 32.27it/s]
accuracy: 0.9145, precision: 0.9126, recall: 0.9199, f1_measure: 0.9163, loss: 0.2537 ||:  91%|#########1| 243/267 [00:07<00:00, 31.98it/s]
accuracy: 0.9140, precision: 0.9118, recall: 0.9181, f1_measure: 0.9149, loss: 0.2541 ||:  93%|#########2| 247/267 [00:07<00:00, 31.72it/s]
accuracy: 0.9142, precision: 0.9119, recall: 0.9180, f1_measure: 0.9149, loss: 0.2538 ||:  94%|#########4| 251/267 [00:07<00:00, 31.03it/s]
accuracy: 0.9143, precision: 0.9134, recall: 0.9186, f1_measure: 0.9160, loss: 0.2531 ||:  96%|#########5| 255/267 [00:07<00:00, 32.98it/s]
accuracy: 0.9146, precision: 0.9128, recall: 0.9196, f1_measure: 0.9162, loss: 0.2533 ||:  97%|#########7| 259/267 [00:07<00:00, 34.28it/s]
accuracy: 0.9140, precision: 0.9108, recall: 0.9192, f1_measure: 0.9150, loss: 0.2555 ||:  99%|#########8| 263/267 [00:08<00:00, 35.13it/s]
accuracy: 0.9136, precision: 0.9117, recall: 0.9167, f1_measure: 0.9142, loss: 0.2568 ||: 100%|##########| 267/267 [00:08<00:00, 33.87it/s]

  0%|          | 0/35 [00:00<?, ?it/s]
accuracy: 0.3625, precision: 0.3261, recall: 0.1807, f1_measure: 0.2326, loss: 2.3705 ||:  57%|#####7    | 20/35 [00:00<00:00, 194.50it/s]
accuracy: 0.3660, precision: 0.3108, recall: 0.1655, f1_measure: 0.2160, loss: 2.5938 ||: 100%|##########| 35/35 [00:00<00:00, 173.59it/s]

  0%|          | 0/267 [00:00<?, ?it/s]
accuracy: 0.9688, precision: 1.0000, recall: 0.8000, f1_measure: 0.8889, loss: 0.1358 ||:   0%|          | 1/267 [00:00<00:52,  5.11it/s]
accuracy: 0.9437, precision: 1.0000, recall: 0.9375, f1_measure: 0.9677, loss: 0.1374 ||:   2%|1         | 5/267 [00:00<00:38,  6.84it/s]
accuracy: 0.9531, precision: 1.0000, recall: 0.9375, f1_measure: 0.9677, loss: 0.1263 ||:   3%|2         | 8/267 [00:00<00:29,  8.81it/s]
accuracy: 0.9631, precision: 1.0000, recall: 0.9556, f1_measure: 0.9773, loss: 0.1120 ||:   4%|4         | 11/267 [00:00<00:23, 10.99it/s]
accuracy: 0.9708, precision: 1.0000, recall: 0.9661, f1_measure: 0.9828, loss: 0.0964 ||:   6%|5         | 15/267 [00:00<00:18, 13.93it/s]
accuracy: 0.9655, precision: 0.9589, recall: 0.9722, f1_measure: 0.9655, loss: 0.1079 ||:   7%|7         | 19/267 [00:00<00:14, 16.54it/s]
accuracy: 0.9688, precision: 0.9634, recall: 0.9753, f1_measure: 0.9693, loss: 0.1081 ||:   8%|8         | 22/267 [00:00<00:12, 18.99it/s]
accuracy: 0.9613, precision: 0.9688, recall: 0.9394, f1_measure: 0.9538, loss: 0.1236 ||:   9%|9         | 25/267 [00:00<00:11, 21.09it/s]
accuracy: 0.9643, precision: 0.9730, recall: 0.9474, f1_measure: 0.9600, loss: 0.1185 ||:  10%|#         | 28/267 [00:01<00:10, 22.17it/s]
accuracy: 0.9609, precision: 0.9776, recall: 0.9291, f1_measure: 0.9527, loss: 0.1326 ||:  12%|#1        | 32/267 [00:01<00:09, 25.59it/s]
accuracy: 0.9592, precision: 0.9803, recall: 0.9371, f1_measure: 0.9582, loss: 0.1399 ||:  13%|#3        | 36/267 [00:01<00:08, 28.59it/s]
accuracy: 0.9594, precision: 0.9771, recall: 0.9448, f1_measure: 0.9607, loss: 0.1391 ||:  15%|#4        | 40/267 [00:01<00:08, 27.74it/s]
accuracy: 0.9595, precision: 0.9742, recall: 0.9497, f1_measure: 0.9618, loss: 0.1368 ||:  16%|#6        | 44/267 [00:01<00:07, 29.27it/s]
accuracy: 0.9570, precision: 0.9716, recall: 0.9491, f1_measure: 0.9602, loss: 0.1408 ||:  18%|#7        | 48/267 [00:01<00:07, 28.80it/s]
accuracy: 0.9597, precision: 0.9732, recall: 0.9520, f1_measure: 0.9625, loss: 0.1352 ||:  19%|#9        | 52/267 [00:01<00:07, 29.64it/s]
accuracy: 0.9581, precision: 0.9702, recall: 0.9540, f1_measure: 0.9620, loss: 0.1365 ||:  21%|##        | 56/267 [00:01<00:07, 29.76it/s]
accuracy: 0.9594, precision: 0.9719, recall: 0.9565, f1_measure: 0.9641, loss: 0.1329 ||:  22%|##2       | 60/267 [00:02<00:06, 31.02it/s]
accuracy: 0.9595, precision: 0.9701, recall: 0.9594, f1_measure: 0.9647, loss: 0.1312 ||:  24%|##3       | 64/267 [00:02<00:06, 31.10it/s]
accuracy: 0.9600, precision: 0.9715, recall: 0.9613, f1_measure: 0.9664, loss: 0.1333 ||:  25%|##5       | 68/267 [00:02<00:06, 31.28it/s]
accuracy: 0.9593, precision: 0.9664, recall: 0.9600, f1_measure: 0.9632, loss: 0.1329 ||:  27%|##7       | 73/267 [00:02<00:05, 33.47it/s]
accuracy: 0.9606, precision: 0.9679, recall: 0.9587, f1_measure: 0.9633, loss: 0.1313 ||:  29%|##8       | 77/267 [00:02<00:05, 33.61it/s]
accuracy: 0.9606, precision: 0.9670, recall: 0.9612, f1_measure: 0.9641, loss: 0.1308 ||:  30%|###       | 81/267 [00:02<00:05, 33.74it/s]
accuracy: 0.9607, precision: 0.9684, recall: 0.9574, f1_measure: 0.9629, loss: 0.1288 ||:  32%|###1      | 85/267 [00:02<00:05, 33.09it/s]
accuracy: 0.9600, precision: 0.9670, recall: 0.9591, f1_measure: 0.9631, loss: 0.1325 ||:  33%|###3      | 89/267 [00:02<00:05, 33.08it/s]
accuracy: 0.9600, precision: 0.9683, recall: 0.9582, f1_measure: 0.9633, loss: 0.1319 ||:  35%|###4      | 93/267 [00:03<00:05, 33.02it/s]
accuracy: 0.9601, precision: 0.9676, recall: 0.9604, f1_measure: 0.9640, loss: 0.1322 ||:  36%|###6      | 97/267 [00:03<00:05, 32.65it/s]
accuracy: 0.9598, precision: 0.9690, recall: 0.9599, f1_measure: 0.9645, loss: 0.1321 ||:  38%|###7      | 101/267 [00:03<00:04, 33.85it/s]
accuracy: 0.9574, precision: 0.9654, recall: 0.9566, f1_measure: 0.9610, loss: 0.1360 ||:  39%|###9      | 105/267 [00:03<00:04, 34.50it/s]
accuracy: 0.9570, precision: 0.9667, recall: 0.9561, f1_measure: 0.9614, loss: 0.1350 ||:  41%|####      | 109/267 [00:03<00:04, 35.13it/s]
accuracy: 0.9566, precision: 0.9677, recall: 0.9533, f1_measure: 0.9604, loss: 0.1349 ||:  42%|####2     | 113/267 [00:03<00:04, 36.17it/s]
accuracy: 0.9567, precision: 0.9662, recall: 0.9542, f1_measure: 0.9602, loss: 0.1339 ||:  44%|####3     | 117/267 [00:03<00:04, 34.95it/s]
accuracy: 0.9582, precision: 0.9671, recall: 0.9553, f1_measure: 0.9611, loss: 0.1308 ||:  45%|####5     | 121/267 [00:03<00:04, 33.29it/s]
accuracy: 0.9561, precision: 0.9645, recall: 0.9532, f1_measure: 0.9588, loss: 0.1385 ||:  47%|####7     | 126/267 [00:04<00:03, 36.35it/s]
accuracy: 0.9558, precision: 0.9642, recall: 0.9534, f1_measure: 0.9587, loss: 0.1404 ||:  49%|####8     | 130/267 [00:04<00:03, 36.79it/s]
accuracy: 0.9564, precision: 0.9651, recall: 0.9546, f1_measure: 0.9599, loss: 0.1396 ||:  50%|#####     | 134/267 [00:04<00:03, 35.31it/s]
accuracy: 0.9552, precision: 0.9645, recall: 0.9543, f1_measure: 0.9594, loss: 0.1412 ||:  52%|#####1    | 138/267 [00:04<00:03, 35.12it/s]
accuracy: 0.9549, precision: 0.9655, recall: 0.9556, f1_measure: 0.9605, loss: 0.1413 ||:  53%|#####3    | 142/267 [00:04<00:03, 36.10it/s]
accuracy: 0.9546, precision: 0.9650, recall: 0.9570, f1_measure: 0.9610, loss: 0.1415 ||:  55%|#####4    | 146/267 [00:04<00:03, 35.51it/s]
accuracy: 0.9546, precision: 0.9628, recall: 0.9567, f1_measure: 0.9597, loss: 0.1403 ||:  56%|#####6    | 150/267 [00:04<00:03, 34.54it/s]
accuracy: 0.9547, precision: 0.9609, recall: 0.9579, f1_measure: 0.9594, loss: 0.1398 ||:  58%|#####7    | 154/267 [00:04<00:03, 34.82it/s]
accuracy: 0.9551, precision: 0.9618, recall: 0.9589, f1_measure: 0.9604, loss: 0.1389 ||:  59%|#####9    | 158/267 [00:04<00:03, 35.07it/s]
accuracy: 0.9540, precision: 0.9614, recall: 0.9558, f1_measure: 0.9586, loss: 0.1406 ||:  61%|######1   | 163/267 [00:05<00:02, 37.21it/s]
accuracy: 0.9538, precision: 0.9622, recall: 0.9552, f1_measure: 0.9587, loss: 0.1407 ||:  63%|######2   | 167/267 [00:05<00:02, 36.02it/s]
accuracy: 0.9532, precision: 0.9617, recall: 0.9536, f1_measure: 0.9576, loss: 0.1431 ||:  64%|######4   | 171/267 [00:05<00:02, 33.94it/s]
accuracy: 0.9536, precision: 0.9625, recall: 0.9532, f1_measure: 0.9578, loss: 0.1441 ||:  66%|######5   | 175/267 [00:05<00:02, 34.95it/s]
accuracy: 0.9530, precision: 0.9596, recall: 0.9519, f1_measure: 0.9558, loss: 0.1463 ||:  67%|######7   | 180/267 [00:05<00:02, 37.05it/s]
accuracy: 0.9526, precision: 0.9605, recall: 0.9517, f1_measure: 0.9561, loss: 0.1468 ||:  69%|######8   | 184/267 [00:05<00:02, 35.97it/s]
accuracy: 0.9531, precision: 0.9602, recall: 0.9516, f1_measure: 0.9559, loss: 0.1456 ||:  70%|#######   | 188/267 [00:05<00:02, 36.32it/s]
accuracy: 0.9530, precision: 0.9586, recall: 0.9526, f1_measure: 0.9556, loss: 0.1482 ||:  72%|#######1  | 192/267 [00:05<00:02, 34.66it/s]
accuracy: 0.9520, precision: 0.9567, recall: 0.9509, f1_measure: 0.9538, loss: 0.1494 ||:  73%|#######3  | 196/267 [00:05<00:01, 35.99it/s]
accuracy: 0.9523, precision: 0.9577, recall: 0.9519, f1_measure: 0.9548, loss: 0.1487 ||:  75%|#######4  | 200/267 [00:06<00:01, 35.52it/s]
accuracy: 0.9528, precision: 0.9573, recall: 0.9528, f1_measure: 0.9551, loss: 0.1475 ||:  76%|#######6  | 204/267 [00:06<00:01, 36.12it/s]
accuracy: 0.9527, precision: 0.9568, recall: 0.9524, f1_measure: 0.9546, loss: 0.1486 ||:  78%|#######7  | 208/267 [00:06<00:01, 37.10it/s]
accuracy: 0.9518, precision: 0.9575, recall: 0.9487, f1_measure: 0.9531, loss: 0.1513 ||:  79%|#######9  | 212/267 [00:06<00:01, 35.62it/s]
accuracy: 0.9518, precision: 0.9563, recall: 0.9499, f1_measure: 0.9531, loss: 0.1522 ||:  81%|########1 | 217/267 [00:06<00:01, 38.05it/s]
accuracy: 0.9512, precision: 0.9526, recall: 0.9495, f1_measure: 0.9510, loss: 0.1528 ||:  83%|########2 | 221/267 [00:06<00:01, 37.39it/s]
accuracy: 0.9514, precision: 0.9534, recall: 0.9492, f1_measure: 0.9513, loss: 0.1526 ||:  84%|########4 | 225/267 [00:06<00:01, 36.54it/s]
accuracy: 0.9506, precision: 0.9529, recall: 0.9479, f1_measure: 0.9504, loss: 0.1537 ||:  86%|########5 | 229/267 [00:06<00:01, 34.25it/s]
accuracy: 0.9504, precision: 0.9524, recall: 0.9454, f1_measure: 0.9489, loss: 0.1548 ||:  87%|########7 | 233/267 [00:07<00:01, 31.62it/s]
accuracy: 0.9503, precision: 0.9513, recall: 0.9444, f1_measure: 0.9479, loss: 0.1559 ||:  89%|########8 | 237/267 [00:07<00:00, 32.86it/s]
accuracy: 0.9503, precision: 0.9523, recall: 0.9456, f1_measure: 0.9490, loss: 0.1557 ||:  90%|######### | 241/267 [00:07<00:00, 33.43it/s]
accuracy: 0.9506, precision: 0.9530, recall: 0.9454, f1_measure: 0.9492, loss: 0.1558 ||:  92%|#########1| 245/267 [00:07<00:00, 31.89it/s]
accuracy: 0.9509, precision: 0.9527, recall: 0.9461, f1_measure: 0.9494, loss: 0.1553 ||:  93%|#########3| 249/267 [00:07<00:00, 31.07it/s]
accuracy: 0.9507, precision: 0.9523, recall: 0.9458, f1_measure: 0.9491, loss: 0.1558 ||:  95%|#########4| 253/267 [00:07<00:00, 31.98it/s]
accuracy: 0.9510, precision: 0.9512, recall: 0.9467, f1_measure: 0.9489, loss: 0.1553 ||:  96%|#########6| 257/267 [00:07<00:00, 31.45it/s]
accuracy: 0.9502, precision: 0.9501, recall: 0.9430, f1_measure: 0.9465, loss: 0.1562 ||:  98%|#########7| 261/267 [00:07<00:00, 33.28it/s]
accuracy: 0.9500, precision: 0.9498, recall: 0.9437, f1_measure: 0.9467, loss: 0.1565 ||:  99%|#########9| 265/267 [00:08<00:00, 32.12it/s]
accuracy: 0.9496, precision: 0.9493, recall: 0.9432, f1_measure: 0.9463, loss: 0.1575 ||: 100%|##########| 267/267 [00:08<00:00, 33.02it/s]

  0%|          | 0/35 [00:00<?, ?it/s]
accuracy: 0.3676, precision: 0.3182, recall: 0.3294, f1_measure: 0.3237, loss: 2.8302 ||:  60%|######    | 21/35 [00:00<00:00, 204.09it/s]
accuracy: 0.3569, precision: 0.3095, recall: 0.2806, f1_measure: 0.2943, loss: 3.0998 ||: 100%|##########| 35/35 [00:00<00:00, 175.16it/s]

  0%|          | 0/267 [00:00<?, ?it/s]
accuracy: 0.9688, precision: 1.0000, recall: 1.0000, f1_measure: 1.0000, loss: 0.0383 ||:   0%|          | 1/267 [00:00<00:49,  5.38it/s]
accuracy: 0.9812, precision: 1.0000, recall: 0.9286, f1_measure: 0.9630, loss: 0.1123 ||:   2%|1         | 5/267 [00:00<00:36,  7.23it/s]
accuracy: 0.9826, precision: 0.9655, recall: 0.9655, f1_measure: 0.9655, loss: 0.0925 ||:   3%|3         | 9/267 [00:00<00:27,  9.53it/s]
accuracy: 0.9808, precision: 0.9792, recall: 0.9792, f1_measure: 0.9792, loss: 0.0803 ||:   5%|4         | 13/267 [00:00<00:20, 12.14it/s]
accuracy: 0.9743, precision: 0.9701, recall: 0.9701, f1_measure: 0.9701, loss: 0.0945 ||:   6%|6         | 17/267 [00:00<00:16, 15.24it/s]
accuracy: 0.9777, precision: 0.9659, recall: 0.9770, f1_measure: 0.9714, loss: 0.0835 ||:   8%|7         | 21/267 [00:00<00:13, 18.21it/s]
accuracy: 0.9779, precision: 0.9714, recall: 0.9808, f1_measure: 0.9761, loss: 0.0774 ||:   9%|8         | 24/267 [00:00<00:11, 20.26it/s]
accuracy: 0.9722, precision: 0.9739, recall: 0.9825, f1_measure: 0.9782, loss: 0.0876 ||:  10%|#         | 27/267 [00:00<00:11, 21.63it/s]
accuracy: 0.9718, precision: 0.9697, recall: 0.9846, f1_measure: 0.9771, loss: 0.0910 ||:  12%|#1        | 31/267 [00:01<00:10, 23.12it/s]
accuracy: 0.9714, precision: 0.9718, recall: 0.9787, f1_measure: 0.9753, loss: 0.0930 ||:  13%|#3        | 35/267 [00:01<00:08, 26.36it/s]
accuracy: 0.9720, precision: 0.9745, recall: 0.9808, f1_measure: 0.9776, loss: 0.0902 ||:  15%|#4        | 39/267 [00:01<00:07, 28.93it/s]
accuracy: 0.9724, precision: 0.9770, recall: 0.9827, f1_measure: 0.9798, loss: 0.0874 ||:  16%|#6        | 43/267 [00:01<00:07, 29.69it/s]
accuracy: 0.9727, precision: 0.9793, recall: 0.9742, f1_measure: 0.9767, loss: 0.0878 ||:  18%|#7        | 47/267 [00:01<00:07, 29.86it/s]
accuracy: 0.9737, precision: 0.9813, recall: 0.9722, f1_measure: 0.9767, loss: 0.0835 ||:  19%|#9        | 51/267 [00:01<00:06, 32.11it/s]
accuracy: 0.9733, precision: 0.9826, recall: 0.9741, f1_measure: 0.9784, loss: 0.0837 ||:  21%|##        | 55/267 [00:01<00:06, 33.95it/s]
accuracy: 0.9746, precision: 0.9836, recall: 0.9756, f1_measure: 0.9796, loss: 0.0828 ||:  22%|##2       | 59/267 [00:01<00:06, 32.28it/s]
accuracy: 0.9747, precision: 0.9846, recall: 0.9770, f1_measure: 0.9808, loss: 0.0814 ||:  24%|##3       | 63/267 [00:02<00:06, 32.61it/s]
accuracy: 0.9762, precision: 0.9854, recall: 0.9783, f1_measure: 0.9818, loss: 0.0787 ||:  25%|##5       | 67/267 [00:02<00:05, 34.44it/s]
accuracy: 0.9762, precision: 0.9863, recall: 0.9795, f1_measure: 0.9829, loss: 0.0797 ||:  27%|##6       | 71/267 [00:02<00:05, 34.44it/s]
accuracy: 0.9754, precision: 0.9841, recall: 0.9810, f1_measure: 0.9825, loss: 0.0811 ||:  28%|##8       | 75/267 [00:02<00:05, 35.45it/s]
accuracy: 0.9759, precision: 0.9848, recall: 0.9818, f1_measure: 0.9833, loss: 0.0795 ||:  30%|##9       | 79/267 [00:02<00:05, 36.36it/s]
accuracy: 0.9748, precision: 0.9825, recall: 0.9796, f1_measure: 0.9810, loss: 0.0826 ||:  31%|###1      | 83/267 [00:02<00:05, 35.99it/s]
accuracy: 0.9745, precision: 0.9807, recall: 0.9807, f1_measure: 0.9807, loss: 0.0832 ||:  33%|###2      | 87/267 [00:02<00:04, 36.74it/s]
accuracy: 0.9739, precision: 0.9789, recall: 0.9815, f1_measure: 0.9802, loss: 0.0836 ||:  34%|###4      | 91/267 [00:02<00:04, 36.60it/s]
accuracy: 0.9743, precision: 0.9796, recall: 0.9796, f1_measure: 0.9796, loss: 0.0827 ||:  36%|###5      | 95/267 [00:02<00:05, 34.07it/s]
accuracy: 0.9738, precision: 0.9802, recall: 0.9754, f1_measure: 0.9778, loss: 0.0831 ||:  37%|###7      | 99/267 [00:03<00:04, 33.76it/s]
accuracy: 0.9736, precision: 0.9812, recall: 0.9743, f1_measure: 0.9777, loss: 0.0817 ||:  39%|###8      | 103/267 [00:03<00:04, 33.80it/s]
accuracy: 0.9737, precision: 0.9817, recall: 0.9750, f1_measure: 0.9783, loss: 0.0815 ||:  40%|####      | 107/267 [00:03<00:04, 35.28it/s]
accuracy: 0.9735, precision: 0.9800, recall: 0.9757, f1_measure: 0.9779, loss: 0.0832 ||:  42%|####1     | 111/267 [00:03<00:04, 36.15it/s]
accuracy: 0.9736, precision: 0.9808, recall: 0.9766, f1_measure: 0.9787, loss: 0.0822 ||:  43%|####3     | 115/267 [00:03<00:04, 34.74it/s]
accuracy: 0.9732, precision: 0.9793, recall: 0.9772, f1_measure: 0.9782, loss: 0.0840 ||:  45%|####4     | 119/267 [00:03<00:04, 33.62it/s]
accuracy: 0.9733, precision: 0.9780, recall: 0.9780, f1_measure: 0.9780, loss: 0.0841 ||:  46%|####6     | 123/267 [00:03<00:04, 32.43it/s]
accuracy: 0.9737, precision: 0.9788, recall: 0.9788, f1_measure: 0.9788, loss: 0.0852 ||:  48%|####7     | 127/267 [00:03<00:04, 32.83it/s]
accuracy: 0.9728, precision: 0.9792, recall: 0.9792, f1_measure: 0.9792, loss: 0.0869 ||:  49%|####9     | 131/267 [00:03<00:03, 34.50it/s]
accuracy: 0.9722, precision: 0.9799, recall: 0.9799, f1_measure: 0.9799, loss: 0.0874 ||:  51%|#####     | 135/267 [00:04<00:03, 35.90it/s]
accuracy: 0.9721, precision: 0.9788, recall: 0.9806, f1_measure: 0.9797, loss: 0.0877 ||:  52%|#####2    | 139/267 [00:04<00:03, 34.28it/s]
accuracy: 0.9712, precision: 0.9793, recall: 0.9810, f1_measure: 0.9802, loss: 0.0883 ||:  54%|#####3    | 143/267 [00:04<00:03, 31.71it/s]
accuracy: 0.9702, precision: 0.9784, recall: 0.9817, f1_measure: 0.9800, loss: 0.0895 ||:  55%|#####5    | 147/267 [00:04<00:03, 31.64it/s]
accuracy: 0.9692, precision: 0.9774, recall: 0.9822, f1_measure: 0.9798, loss: 0.0923 ||:  57%|#####6    | 151/267 [00:04<00:03, 32.17it/s]
accuracy: 0.9690, precision: 0.9781, recall: 0.9811, f1_measure: 0.9796, loss: 0.0930 ||:  58%|#####8    | 155/267 [00:04<00:03, 31.35it/s]
accuracy: 0.9688, precision: 0.9787, recall: 0.9802, f1_measure: 0.9794, loss: 0.0948 ||:  60%|#####9    | 159/267 [00:04<00:03, 32.17it/s]
accuracy: 0.9688, precision: 0.9777, recall: 0.9792, f1_measure: 0.9784, loss: 0.0954 ||:  61%|######1   | 163/267 [00:04<00:03, 33.38it/s]
accuracy: 0.9674, precision: 0.9727, recall: 0.9769, f1_measure: 0.9748, loss: 0.0996 ||:  63%|######2   | 168/267 [00:05<00:02, 35.57it/s]
accuracy: 0.9673, precision: 0.9735, recall: 0.9762, f1_measure: 0.9748, loss: 0.0998 ||:  65%|######4   | 173/267 [00:05<00:02, 36.21it/s]
accuracy: 0.9668, precision: 0.9741, recall: 0.9741, f1_measure: 0.9741, loss: 0.1018 ||:  66%|######6   | 177/267 [00:05<00:02, 34.40it/s]
accuracy: 0.9665, precision: 0.9746, recall: 0.9733, f1_measure: 0.9739, loss: 0.1016 ||:  68%|######7   | 181/267 [00:05<00:02, 32.26it/s]
accuracy: 0.9666, precision: 0.9749, recall: 0.9736, f1_measure: 0.9743, loss: 0.1028 ||:  69%|######9   | 185/267 [00:05<00:02, 33.20it/s]
accuracy: 0.9664, precision: 0.9742, recall: 0.9742, f1_measure: 0.9742, loss: 0.1023 ||:  71%|#######   | 189/267 [00:05<00:02, 33.78it/s]
accuracy: 0.9668, precision: 0.9734, recall: 0.9747, f1_measure: 0.9740, loss: 0.1017 ||:  72%|#######2  | 193/267 [00:05<00:02, 33.67it/s]
accuracy: 0.9670, precision: 0.9739, recall: 0.9751, f1_measure: 0.9745, loss: 0.1010 ||:  74%|#######3  | 197/267 [00:05<00:02, 33.95it/s]
accuracy: 0.9672, precision: 0.9743, recall: 0.9755, f1_measure: 0.9749, loss: 0.1014 ||:  75%|#######5  | 201/267 [00:06<00:01, 33.60it/s]
accuracy: 0.9675, precision: 0.9747, recall: 0.9759, f1_measure: 0.9753, loss: 0.1005 ||:  77%|#######6  | 205/267 [00:06<00:01, 34.58it/s]
accuracy: 0.9673, precision: 0.9751, recall: 0.9763, f1_measure: 0.9757, loss: 0.1010 ||:  78%|#######8  | 209/267 [00:06<00:01, 32.81it/s]
accuracy: 0.9660, precision: 0.9722, recall: 0.9733, f1_measure: 0.9728, loss: 0.1049 ||:  80%|#######9  | 213/267 [00:06<00:01, 33.44it/s]
accuracy: 0.9660, precision: 0.9717, recall: 0.9728, f1_measure: 0.9722, loss: 0.1045 ||:  81%|########1 | 217/267 [00:06<00:01, 34.08it/s]
accuracy: 0.9659, precision: 0.9720, recall: 0.9731, f1_measure: 0.9726, loss: 0.1048 ||:  83%|########2 | 221/267 [00:06<00:01, 34.78it/s]
accuracy: 0.9658, precision: 0.9704, recall: 0.9736, f1_measure: 0.9720, loss: 0.1044 ||:  84%|########4 | 225/267 [00:06<00:01, 35.78it/s]
accuracy: 0.9657, precision: 0.9708, recall: 0.9739, f1_measure: 0.9724, loss: 0.1047 ||:  86%|########5 | 229/267 [00:06<00:01, 35.81it/s]
accuracy: 0.9661, precision: 0.9710, recall: 0.9731, f1_measure: 0.9721, loss: 0.1039 ||:  87%|########7 | 233/267 [00:07<00:00, 34.77it/s]
accuracy: 0.9651, precision: 0.9706, recall: 0.9736, f1_measure: 0.9721, loss: 0.1068 ||:  89%|########8 | 237/267 [00:07<00:00, 36.07it/s]
accuracy: 0.9651, precision: 0.9710, recall: 0.9720, f1_measure: 0.9715, loss: 0.1063 ||:  90%|######### | 241/267 [00:07<00:00, 35.55it/s]
accuracy: 0.9649, precision: 0.9714, recall: 0.9694, f1_measure: 0.9704, loss: 0.1078 ||:  92%|#########1| 245/267 [00:07<00:00, 34.88it/s]
accuracy: 0.9651, precision: 0.9710, recall: 0.9701, f1_measure: 0.9705, loss: 0.1076 ||:  93%|#########3| 249/267 [00:07<00:00, 33.45it/s]
accuracy: 0.9653, precision: 0.9707, recall: 0.9707, f1_measure: 0.9707, loss: 0.1072 ||:  95%|#########4| 253/267 [00:07<00:00, 33.18it/s]
accuracy: 0.9650, precision: 0.9712, recall: 0.9702, f1_measure: 0.9707, loss: 0.1078 ||:  96%|#########6| 257/267 [00:07<00:00, 32.29it/s]
accuracy: 0.9647, precision: 0.9717, recall: 0.9680, f1_measure: 0.9699, loss: 0.1091 ||:  98%|#########7| 261/267 [00:07<00:00, 34.10it/s]
accuracy: 0.9643, precision: 0.9712, recall: 0.9667, f1_measure: 0.9690, loss: 0.1098 ||:  99%|#########9| 265/267 [00:07<00:00, 34.47it/s]
accuracy: 0.9643, precision: 0.9715, recall: 0.9661, f1_measure: 0.9688, loss: 0.1095 ||: 100%|##########| 267/267 [00:07<00:00, 33.38it/s]

  0%|          | 0/35 [00:00<?, ?it/s]
accuracy: 0.3703, precision: 0.3462, recall: 0.3375, f1_measure: 0.3418, loss: 2.9145 ||:  57%|#####7    | 20/35 [00:00<00:00, 191.16it/s]
accuracy: 0.3636, precision: 0.3333, recall: 0.2707, f1_measure: 0.2988, loss: 3.1863 ||:  94%|#########4| 33/35 [00:00<00:00, 166.46it/s]
accuracy: 0.3615, precision: 0.3243, recall: 0.2590, f1_measure: 0.2880, loss: 3.1870 ||: 100%|##########| 35/35 [00:00<00:00, 157.69it/s]

